(0.000) 
            SELECT name, type FROM sqlite_master
            WHERE type in ('table', 'view') AND NOT name='sqlite_sequence'
            ORDER BY name; args=None; alias=default
(0.000) SELECT "django_migrations"."id", "django_migrations"."app", "django_migrations"."name", "django_migrations"."applied" FROM "django_migrations"; args=(); alias=default
(0.000) SELECT "core_client"."id", "core_client"."FName", "core_client"."LName", "core_client"."email", "core_client"."contact_name", "core_client"."phone_number", "core_client"."address_street", "core_client"."address_city", "core_client"."address_state", "core_client"."address_zip" FROM "core_client"; args=(); alias=default
(0.000) SELECT "core_client"."id", "core_client"."FName", "core_client"."LName", "core_client"."email", "core_client"."contact_name", "core_client"."phone_number", "core_client"."address_street", "core_client"."address_city", "core_client"."address_state", "core_client"."address_zip" FROM "core_client"; args=(); alias=default
(0.000) SELECT "core_client"."id", "core_client"."FName", "core_client"."LName", "core_client"."email", "core_client"."contact_name", "core_client"."phone_number", "core_client"."address_street", "core_client"."address_city", "core_client"."address_state", "core_client"."address_zip" FROM "core_client"; args=(); alias=default
(0.000) SELECT "core_client"."id", "core_client"."FName", "core_client"."LName", "core_client"."email", "core_client"."contact_name", "core_client"."phone_number", "core_client"."address_street", "core_client"."address_city", "core_client"."address_state", "core_client"."address_zip" FROM "core_client"; args=(); alias=default
(0.000) SELECT "core_client"."id", "core_client"."FName", "core_client"."LName", "core_client"."email", "core_client"."contact_name", "core_client"."phone_number", "core_client"."address_street", "core_client"."address_city", "core_client"."address_state", "core_client"."address_zip" FROM "core_client"; args=(); alias=default
(0.000) SELECT "core_client"."id", "core_client"."FName", "core_client"."LName", "core_client"."email", "core_client"."contact_name", "core_client"."phone_number", "core_client"."address_street", "core_client"."address_city", "core_client"."address_state", "core_client"."address_zip" FROM "core_client"; args=(); alias=default
(0.000) 
            SELECT name, type FROM sqlite_master
            WHERE type in ('table', 'view') AND NOT name='sqlite_sequence'
            ORDER BY name; args=None; alias=default
(0.000) SELECT "django_migrations"."id", "django_migrations"."app", "django_migrations"."name", "django_migrations"."applied" FROM "django_migrations"; args=(); alias=default
(0.000) SELECT "core_client"."id", "core_client"."FName", "core_client"."LName", "core_client"."email", "core_client"."contact_name", "core_client"."phone_number", "core_client"."address_street", "core_client"."address_city", "core_client"."address_state", "core_client"."address_zip" FROM "core_client"; args=(); alias=default
(0.000) SELECT "core_client"."id", "core_client"."FName", "core_client"."LName", "core_client"."email", "core_client"."contact_name", "core_client"."phone_number", "core_client"."address_street", "core_client"."address_city", "core_client"."address_state", "core_client"."address_zip" FROM "core_client"; args=(); alias=default
(0.000) SELECT "core_client"."id", "core_client"."FName", "core_client"."LName", "core_client"."email", "core_client"."contact_name", "core_client"."phone_number", "core_client"."address_street", "core_client"."address_city", "core_client"."address_state", "core_client"."address_zip" FROM "core_client"; args=(); alias=default
(0.000) SELECT "core_client"."id", "core_client"."FName", "core_client"."LName", "core_client"."email", "core_client"."contact_name", "core_client"."phone_number", "core_client"."address_street", "core_client"."address_city", "core_client"."address_state", "core_client"."address_zip" FROM "core_client"; args=(); alias=default
(0.000) SELECT "core_client"."id", "core_client"."FName", "core_client"."LName", "core_client"."email", "core_client"."contact_name", "core_client"."phone_number", "core_client"."address_street", "core_client"."address_city", "core_client"."address_state", "core_client"."address_zip" FROM "core_client"; args=(); alias=default
(0.000) SELECT "core_client"."id", "core_client"."FName", "core_client"."LName", "core_client"."email", "core_client"."contact_name", "core_client"."phone_number", "core_client"."address_street", "core_client"."address_city", "core_client"."address_state", "core_client"."address_zip" FROM "core_client"; args=(); alias=default
(0.000) SELECT "core_client"."id", "core_client"."FName", "core_client"."LName", "core_client"."email", "core_client"."contact_name", "core_client"."phone_number", "core_client"."address_street", "core_client"."address_city", "core_client"."address_state", "core_client"."address_zip" FROM "core_client"; args=(); alias=default
(0.000) SELECT "core_client"."id", "core_client"."FName", "core_client"."LName", "core_client"."email", "core_client"."contact_name", "core_client"."phone_number", "core_client"."address_street", "core_client"."address_city", "core_client"."address_state", "core_client"."address_zip" FROM "core_client"; args=(); alias=default
(0.000) 
            SELECT name, type FROM sqlite_master
            WHERE type in ('table', 'view') AND NOT name='sqlite_sequence'
            ORDER BY name; args=None; alias=default
(0.000) SELECT "django_migrations"."id", "django_migrations"."app", "django_migrations"."name", "django_migrations"."applied" FROM "django_migrations"; args=(); alias=default
(0.000) SELECT "core_client"."id", "core_client"."FName", "core_client"."LName", "core_client"."email", "core_client"."contact_name", "core_client"."phone_number", "core_client"."address_street", "core_client"."address_city", "core_client"."address_state", "core_client"."address_zip" FROM "core_client"; args=(); alias=default
(0.015) 
            SELECT name, type FROM sqlite_master
            WHERE type in ('table', 'view') AND NOT name='sqlite_sequence'
            ORDER BY name; args=None; alias=default
(0.000) SELECT "django_migrations"."id", "django_migrations"."app", "django_migrations"."name", "django_migrations"."applied" FROM "django_migrations"; args=(); alias=default
(0.000) SELECT "core_client"."id", "core_client"."FName", "core_client"."LName", "core_client"."email", "core_client"."contact_name", "core_client"."phone_number", "core_client"."address_street", "core_client"."address_city", "core_client"."address_state", "core_client"."address_zip" FROM "core_client"; args=(); alias=default
(0.000) SELECT "core_client"."id", "core_client"."FName", "core_client"."LName", "core_client"."email", "core_client"."contact_name", "core_client"."phone_number", "core_client"."address_street", "core_client"."address_city", "core_client"."address_state", "core_client"."address_zip" FROM "core_client"; args=(); alias=default
(0.000) SELECT "core_client"."id", "core_client"."FName", "core_client"."LName", "core_client"."email", "core_client"."contact_name", "core_client"."phone_number", "core_client"."address_street", "core_client"."address_city", "core_client"."address_state", "core_client"."address_zip" FROM "core_client"; args=(); alias=default
(0.000) 
            SELECT name, type FROM sqlite_master
            WHERE type in ('table', 'view') AND NOT name='sqlite_sequence'
            ORDER BY name; args=None; alias=default
(0.000) SELECT "django_migrations"."id", "django_migrations"."app", "django_migrations"."name", "django_migrations"."applied" FROM "django_migrations"; args=(); alias=default
(0.000) SELECT "core_client"."id", "core_client"."FName", "core_client"."LName", "core_client"."email", "core_client"."contact_name", "core_client"."phone_number", "core_client"."address_street", "core_client"."address_city", "core_client"."address_state", "core_client"."address_zip" FROM "core_client"; args=(); alias=default
(0.000) SELECT "core_client"."id", "core_client"."FName", "core_client"."LName", "core_client"."email", "core_client"."contact_name", "core_client"."phone_number", "core_client"."address_street", "core_client"."address_city", "core_client"."address_state", "core_client"."address_zip" FROM "core_client"; args=(); alias=default
(0.000) SELECT "core_client"."id", "core_client"."FName", "core_client"."LName", "core_client"."email", "core_client"."contact_name", "core_client"."phone_number", "core_client"."address_street", "core_client"."address_city", "core_client"."address_state", "core_client"."address_zip" FROM "core_client"; args=(); alias=default
(0.000) SELECT "core_client"."id", "core_client"."FName", "core_client"."LName", "core_client"."email", "core_client"."contact_name", "core_client"."phone_number", "core_client"."address_street", "core_client"."address_city", "core_client"."address_state", "core_client"."address_zip" FROM "core_client"; args=(); alias=default
(0.000) SELECT "core_client"."id", "core_client"."FName", "core_client"."LName", "core_client"."email", "core_client"."contact_name", "core_client"."phone_number", "core_client"."address_street", "core_client"."address_city", "core_client"."address_state", "core_client"."address_zip" FROM "core_client"; args=(); alias=default
(0.000) SELECT "core_client"."id", "core_client"."FName", "core_client"."LName", "core_client"."email", "core_client"."contact_name", "core_client"."phone_number", "core_client"."address_street", "core_client"."address_city", "core_client"."address_state", "core_client"."address_zip" FROM "core_client"; args=(); alias=default
(0.000) SELECT "core_client"."id", "core_client"."FName", "core_client"."LName", "core_client"."email", "core_client"."contact_name", "core_client"."phone_number", "core_client"."address_street", "core_client"."address_city", "core_client"."address_state", "core_client"."address_zip" FROM "core_client"; args=(); alias=default
(0.000) SELECT "core_client"."id", "core_client"."FName", "core_client"."LName", "core_client"."email", "core_client"."contact_name", "core_client"."phone_number", "core_client"."address_street", "core_client"."address_city", "core_client"."address_state", "core_client"."address_zip" FROM "core_client"; args=(); alias=default
(0.000) 
            SELECT name, type FROM sqlite_master
            WHERE type in ('table', 'view') AND NOT name='sqlite_sequence'
            ORDER BY name; args=None; alias=default
(0.000) SELECT "django_migrations"."id", "django_migrations"."app", "django_migrations"."name", "django_migrations"."applied" FROM "django_migrations"; args=(); alias=default
(0.000) 
            SELECT name, type FROM sqlite_master
            WHERE type in ('table', 'view') AND NOT name='sqlite_sequence'
            ORDER BY name; args=None; alias=default
(0.000) SELECT "django_migrations"."id", "django_migrations"."app", "django_migrations"."name", "django_migrations"."applied" FROM "django_migrations"; args=(); alias=default
(0.000) 
            SELECT name, type FROM sqlite_master
            WHERE type in ('table', 'view') AND NOT name='sqlite_sequence'
            ORDER BY name; args=None; alias=default
(0.000) SELECT "django_migrations"."id", "django_migrations"."app", "django_migrations"."name", "django_migrations"."applied" FROM "django_migrations"; args=(); alias=default
(0.000) 
            SELECT name, type FROM sqlite_master
            WHERE type in ('table', 'view') AND NOT name='sqlite_sequence'
            ORDER BY name; args=None; alias=default
(0.000) SELECT "django_migrations"."id", "django_migrations"."app", "django_migrations"."name", "django_migrations"."applied" FROM "django_migrations"; args=(); alias=default
(0.000) SELECT "django_content_type"."id", "django_content_type"."app_label", "django_content_type"."model" FROM "django_content_type" WHERE "django_content_type"."app_label" = 'admin'; args=('admin',); alias=default
(0.000) SELECT "django_content_type"."id", "django_content_type"."app_label", "django_content_type"."model" FROM "django_content_type" WHERE ("django_content_type"."app_label" = 'admin' AND "django_content_type"."model" = 'logentry') LIMIT 21; args=('admin', 'logentry'); alias=default
(0.000) SELECT "auth_permission"."content_type_id", "auth_permission"."codename" FROM "auth_permission" INNER JOIN "django_content_type" ON ("auth_permission"."content_type_id" = "django_content_type"."id") WHERE "auth_permission"."content_type_id" IN (1) ORDER BY "django_content_type"."app_label" ASC, "django_content_type"."model" ASC, "auth_permission"."codename" ASC; args=(1,); alias=default
(0.000) SELECT "django_content_type"."id", "django_content_type"."app_label", "django_content_type"."model" FROM "django_content_type" WHERE "django_content_type"."app_label" = 'admin'; args=('admin',); alias=default
(0.000) SELECT "django_content_type"."id", "django_content_type"."app_label", "django_content_type"."model" FROM "django_content_type" WHERE "django_content_type"."app_label" = 'auth'; args=('auth',); alias=default
(0.000) SELECT "django_content_type"."id", "django_content_type"."app_label", "django_content_type"."model" FROM "django_content_type" WHERE ("django_content_type"."app_label" = 'auth' AND "django_content_type"."model" = 'permission') LIMIT 21; args=('auth', 'permission'); alias=default
(0.000) SELECT "django_content_type"."id", "django_content_type"."app_label", "django_content_type"."model" FROM "django_content_type" WHERE ("django_content_type"."app_label" = 'auth' AND "django_content_type"."model" = 'group') LIMIT 21; args=('auth', 'group'); alias=default
(0.000) SELECT "django_content_type"."id", "django_content_type"."app_label", "django_content_type"."model" FROM "django_content_type" WHERE ("django_content_type"."app_label" = 'auth' AND "django_content_type"."model" = 'user') LIMIT 21; args=('auth', 'user'); alias=default
(0.000) SELECT "auth_permission"."content_type_id", "auth_permission"."codename" FROM "auth_permission" INNER JOIN "django_content_type" ON ("auth_permission"."content_type_id" = "django_content_type"."id") WHERE "auth_permission"."content_type_id" IN (2, 3, 4) ORDER BY "django_content_type"."app_label" ASC, "django_content_type"."model" ASC, "auth_permission"."codename" ASC; args=(2, 3, 4); alias=default
(0.000) SELECT "django_content_type"."id", "django_content_type"."app_label", "django_content_type"."model" FROM "django_content_type" WHERE "django_content_type"."app_label" = 'auth'; args=('auth',); alias=default
(0.000) SELECT "django_content_type"."id", "django_content_type"."app_label", "django_content_type"."model" FROM "django_content_type" WHERE "django_content_type"."app_label" = 'contenttypes'; args=('contenttypes',); alias=default
(0.000) SELECT "django_content_type"."id", "django_content_type"."app_label", "django_content_type"."model" FROM "django_content_type" WHERE ("django_content_type"."app_label" = 'contenttypes' AND "django_content_type"."model" = 'contenttype') LIMIT 21; args=('contenttypes', 'contenttype'); alias=default
(0.000) SELECT "auth_permission"."content_type_id", "auth_permission"."codename" FROM "auth_permission" INNER JOIN "django_content_type" ON ("auth_permission"."content_type_id" = "django_content_type"."id") WHERE "auth_permission"."content_type_id" IN (5) ORDER BY "django_content_type"."app_label" ASC, "django_content_type"."model" ASC, "auth_permission"."codename" ASC; args=(5,); alias=default
(0.000) SELECT "django_content_type"."id", "django_content_type"."app_label", "django_content_type"."model" FROM "django_content_type" WHERE "django_content_type"."app_label" = 'contenttypes'; args=('contenttypes',); alias=default
(0.000) SELECT "django_content_type"."id", "django_content_type"."app_label", "django_content_type"."model" FROM "django_content_type" WHERE "django_content_type"."app_label" = 'sessions'; args=('sessions',); alias=default
(0.000) SELECT "django_content_type"."id", "django_content_type"."app_label", "django_content_type"."model" FROM "django_content_type" WHERE ("django_content_type"."app_label" = 'sessions' AND "django_content_type"."model" = 'session') LIMIT 21; args=('sessions', 'session'); alias=default
(0.000) SELECT "auth_permission"."content_type_id", "auth_permission"."codename" FROM "auth_permission" INNER JOIN "django_content_type" ON ("auth_permission"."content_type_id" = "django_content_type"."id") WHERE "auth_permission"."content_type_id" IN (6) ORDER BY "django_content_type"."app_label" ASC, "django_content_type"."model" ASC, "auth_permission"."codename" ASC; args=(6,); alias=default
(0.000) SELECT "django_content_type"."id", "django_content_type"."app_label", "django_content_type"."model" FROM "django_content_type" WHERE "django_content_type"."app_label" = 'sessions'; args=('sessions',); alias=default
(0.000) SELECT "django_content_type"."id", "django_content_type"."app_label", "django_content_type"."model" FROM "django_content_type" WHERE "django_content_type"."app_label" = 'core'; args=('core',); alias=default
(0.000) SELECT "django_content_type"."id", "django_content_type"."app_label", "django_content_type"."model" FROM "django_content_type" WHERE ("django_content_type"."app_label" = 'core' AND "django_content_type"."model" = 'invoice') LIMIT 21; args=('core', 'invoice'); alias=default
(0.000) SELECT "django_content_type"."id", "django_content_type"."app_label", "django_content_type"."model" FROM "django_content_type" WHERE ("django_content_type"."app_label" = 'core' AND "django_content_type"."model" = 'event') LIMIT 21; args=('core', 'event'); alias=default
(0.000) SELECT "django_content_type"."id", "django_content_type"."app_label", "django_content_type"."model" FROM "django_content_type" WHERE ("django_content_type"."app_label" = 'core' AND "django_content_type"."model" = 'client') LIMIT 21; args=('core', 'client'); alias=default
(0.000) SELECT "django_content_type"."id", "django_content_type"."app_label", "django_content_type"."model" FROM "django_content_type" WHERE ("django_content_type"."app_label" = 'core' AND "django_content_type"."model" = 'material') LIMIT 21; args=('core', 'material'); alias=default
(0.000) SELECT "auth_permission"."content_type_id", "auth_permission"."codename" FROM "auth_permission" INNER JOIN "django_content_type" ON ("auth_permission"."content_type_id" = "django_content_type"."id") WHERE "auth_permission"."content_type_id" IN (8, 9, 17, 16) ORDER BY "django_content_type"."app_label" ASC, "django_content_type"."model" ASC, "auth_permission"."codename" ASC; args=(8, 9, 17, 16); alias=default
(0.000) SELECT "django_content_type"."id", "django_content_type"."app_label", "django_content_type"."model" FROM "django_content_type" WHERE "django_content_type"."app_label" = 'core'; args=('core',); alias=default
(0.000) 
            SELECT name, type FROM sqlite_master
            WHERE type in ('table', 'view') AND NOT name='sqlite_sequence'
            ORDER BY name; args=None; alias=default
(0.000) SELECT "django_migrations"."id", "django_migrations"."app", "django_migrations"."name", "django_migrations"."applied" FROM "django_migrations"; args=(); alias=default
(0.000) SELECT "core_client"."id", "core_client"."FName", "core_client"."LName", "core_client"."email", "core_client"."contact_name", "core_client"."phone_number", "core_client"."address_street", "core_client"."address_city", "core_client"."address_state", "core_client"."address_zip" FROM "core_client"; args=(); alias=default
(0.000) SELECT "core_client"."id", "core_client"."FName", "core_client"."LName", "core_client"."email", "core_client"."contact_name", "core_client"."phone_number", "core_client"."address_street", "core_client"."address_city", "core_client"."address_state", "core_client"."address_zip" FROM "core_client"; args=(); alias=default
(0.000) SELECT "core_client"."id", "core_client"."FName", "core_client"."LName", "core_client"."email", "core_client"."contact_name", "core_client"."phone_number", "core_client"."address_street", "core_client"."address_city", "core_client"."address_state", "core_client"."address_zip" FROM "core_client"; args=(); alias=default
(0.000) SELECT "core_client"."id", "core_client"."FName", "core_client"."LName", "core_client"."email", "core_client"."contact_name", "core_client"."phone_number", "core_client"."address_street", "core_client"."address_city", "core_client"."address_state", "core_client"."address_zip" FROM "core_client"; args=(); alias=default
(0.000) 
            SELECT name, type FROM sqlite_master
            WHERE type in ('table', 'view') AND NOT name='sqlite_sequence'
            ORDER BY name; args=None; alias=default
(0.000) SELECT "django_migrations"."id", "django_migrations"."app", "django_migrations"."name", "django_migrations"."applied" FROM "django_migrations"; args=(); alias=default
(0.000) SELECT "core_client"."id", "core_client"."FName", "core_client"."LName", "core_client"."email", "core_client"."contact_name", "core_client"."phone_number", "core_client"."address_street", "core_client"."address_city", "core_client"."address_state", "core_client"."address_zip" FROM "core_client"; args=(); alias=default
(0.016) SELECT "core_client"."id", "core_client"."FName", "core_client"."LName", "core_client"."email", "core_client"."contact_name", "core_client"."phone_number", "core_client"."address_street", "core_client"."address_city", "core_client"."address_state", "core_client"."address_zip" FROM "core_client"; args=(); alias=default
(0.000) SELECT "core_client"."id", "core_client"."FName", "core_client"."LName", "core_client"."email", "core_client"."contact_name", "core_client"."phone_number", "core_client"."address_street", "core_client"."address_city", "core_client"."address_state", "core_client"."address_zip" FROM "core_client"; args=(); alias=default
(0.000) 
            SELECT name, type FROM sqlite_master
            WHERE type in ('table', 'view') AND NOT name='sqlite_sequence'
            ORDER BY name; args=None; alias=default
(0.000) SELECT "django_migrations"."id", "django_migrations"."app", "django_migrations"."name", "django_migrations"."applied" FROM "django_migrations"; args=(); alias=default
(0.000) SELECT "core_client"."id", "core_client"."FName", "core_client"."LName", "core_client"."email", "core_client"."contact_name", "core_client"."phone_number", "core_client"."address_street", "core_client"."address_city", "core_client"."address_state", "core_client"."address_zip" FROM "core_client"; args=(); alias=default
